2024-08-13 06:03:40.025  WARN 27780 --- [HikariPool-1 housekeeper] com.zaxxer.hikari.pool.HikariPool        : HikariPool-1 - Thread starvation or clock leap detected (housekeeper delta=9h5m310ms170µs).
2024-08-13 06:03:40.072 DEBUG 27780 --- [HikariPool-1 housekeeper] com.zaxxer.hikari.pool.HikariPool        : HikariPool-1 - Pool stats (total=10, active=0, idle=10, waiting=0)
2024-08-13 06:03:40.072 DEBUG 27780 --- [HikariPool-1 housekeeper] com.zaxxer.hikari.pool.HikariPool        : HikariPool-1 - Fill pool skipped, pool is at sufficient level.
2024-08-13 06:03:40.072 DEBUG 27780 --- [HikariPool-1 housekeeper] com.zaxxer.hikari.pool.HikariPool        : HikariPool-1 - Add connection elided, waiting 0, queue 1
2024-08-13 06:03:40.072 DEBUG 27780 --- [HikariPool-1 housekeeper] com.zaxxer.hikari.pool.HikariPool        : HikariPool-1 - Add connection elided, waiting 0, queue 1
2024-08-13 06:03:40.072 DEBUG 27780 --- [HikariPool-1 housekeeper] com.zaxxer.hikari.pool.HikariPool        : HikariPool-1 - Add connection elided, waiting 0, queue 1
2024-08-13 06:03:40.072 DEBUG 27780 --- [HikariPool-1 housekeeper] com.zaxxer.hikari.pool.HikariPool        : HikariPool-1 - Add connection elided, waiting 0, queue 1
2024-08-13 06:03:40.072 DEBUG 27780 --- [HikariPool-1 housekeeper] com.zaxxer.hikari.pool.HikariPool        : HikariPool-1 - Add connection elided, waiting 0, queue 1
2024-08-13 06:03:40.072 DEBUG 27780 --- [HikariPool-1 housekeeper] com.zaxxer.hikari.pool.HikariPool        : HikariPool-1 - Add connection elided, waiting 0, queue 1
2024-08-13 06:03:40.072 DEBUG 27780 --- [HikariPool-1 housekeeper] com.zaxxer.hikari.pool.HikariPool        : HikariPool-1 - Add connection elided, waiting 0, queue 1
2024-08-13 06:03:40.072 DEBUG 27780 --- [HikariPool-1 housekeeper] com.zaxxer.hikari.pool.HikariPool        : HikariPool-1 - Add connection elided, waiting 0, queue 1
2024-08-13 06:03:40.166 DEBUG 27780 --- [HikariPool-1 connection closer] com.zaxxer.hikari.pool.PoolBase          : HikariPool-1 - Closing connection com.mysql.jdbc.JDBC4Connection@1591d2c: (connection has passed maxLifetime)
2024-08-13 06:03:40.260 DEBUG 27780 --- [HikariPool-1 connection closer] com.zaxxer.hikari.pool.PoolBase          : HikariPool-1 - Closing connection com.mysql.jdbc.JDBC4Connection@6ea1b2ca: (connection has passed maxLifetime)
2024-08-13 06:03:40.260 DEBUG 27780 --- [HikariPool-1 connection closer] com.zaxxer.hikari.pool.HikariPool        : HikariPool-1 - Fill pool skipped, pool is at sufficient level.
2024-08-13 06:03:40.276 DEBUG 27780 --- [HikariPool-1 connection adder] com.zaxxer.hikari.pool.HikariPool        : HikariPool-1 - Added connection com.mysql.jdbc.JDBC4Connection@42b38f28
2024-08-13 06:03:40.260 DEBUG 27780 --- [HikariPool-1 connection closer] com.zaxxer.hikari.pool.PoolBase          : HikariPool-1 - Closing connection com.mysql.jdbc.JDBC4Connection@5941e2dd: (connection has passed maxLifetime)
2024-08-13 06:03:40.276 DEBUG 27780 --- [HikariPool-1 connection adder] com.zaxxer.hikari.pool.HikariPool        : HikariPool-1 - Added connection com.mysql.jdbc.JDBC4Connection@229c7067
2024-08-13 06:03:40.276 DEBUG 27780 --- [HikariPool-1 connection closer] com.zaxxer.hikari.pool.HikariPool        : HikariPool-1 - Fill pool skipped, pool is at sufficient level.
2024-08-13 06:03:40.276 DEBUG 27780 --- [HikariPool-1 connection closer] com.zaxxer.hikari.pool.PoolBase          : HikariPool-1 - Closing connection com.mysql.jdbc.JDBC4Connection@4727cd95: (connection has passed maxLifetime)
2024-08-13 06:03:40.276 DEBUG 27780 --- [HikariPool-1 connection closer] com.zaxxer.hikari.pool.HikariPool        : HikariPool-1 - Fill pool skipped, pool is at sufficient level.
2024-08-13 06:03:40.276 DEBUG 27780 --- [HikariPool-1 connection closer] com.zaxxer.hikari.pool.PoolBase          : HikariPool-1 - Closing connection com.mysql.jdbc.JDBC4Connection@be9f509: (connection has passed maxLifetime)
2024-08-13 06:03:40.276 DEBUG 27780 --- [HikariPool-1 connection closer] com.zaxxer.hikari.pool.HikariPool        : HikariPool-1 - Fill pool skipped, pool is at sufficient level.
2024-08-13 06:03:40.276 DEBUG 27780 --- [HikariPool-1 connection closer] com.zaxxer.hikari.pool.PoolBase          : HikariPool-1 - Closing connection com.mysql.jdbc.JDBC4Connection@6176e263: (connection has passed maxLifetime)
2024-08-13 06:03:40.276 DEBUG 27780 --- [HikariPool-1 connection closer] com.zaxxer.hikari.pool.HikariPool        : HikariPool-1 - Fill pool skipped, pool is at sufficient level.
2024-08-13 06:03:40.276 DEBUG 27780 --- [HikariPool-1 connection closer] com.zaxxer.hikari.pool.PoolBase          : HikariPool-1 - Closing connection com.mysql.jdbc.JDBC4Connection@392b7e13: (connection has passed maxLifetime)
2024-08-13 06:03:40.276 DEBUG 27780 --- [HikariPool-1 connection adder] com.zaxxer.hikari.pool.HikariPool        : HikariPool-1 - Added connection com.mysql.jdbc.JDBC4Connection@26d22e42
2024-08-13 06:03:41.177 DEBUG 27780 --- [HikariPool-1 connection closer] com.zaxxer.hikari.pool.HikariPool        : HikariPool-1 - Fill pool skipped, pool is at sufficient level.
2024-08-13 06:03:41.177 DEBUG 27780 --- [HikariPool-1 connection closer] com.zaxxer.hikari.pool.PoolBase          : HikariPool-1 - Closing connection com.mysql.jdbc.JDBC4Connection@48ce59d8: (connection has passed maxLifetime)
2024-08-13 06:03:41.177 DEBUG 27780 --- [HikariPool-1 connection closer] com.zaxxer.hikari.pool.HikariPool        : HikariPool-1 - Fill pool skipped, pool is at sufficient level.
2024-08-13 06:03:41.177 DEBUG 27780 --- [HikariPool-1 connection closer] com.zaxxer.hikari.pool.PoolBase          : HikariPool-1 - Closing connection com.mysql.jdbc.JDBC4Connection@442630c: (connection has passed maxLifetime)
2024-08-13 06:03:41.177 DEBUG 27780 --- [HikariPool-1 connection closer] com.zaxxer.hikari.pool.HikariPool        : HikariPool-1 - Fill pool skipped, pool is at sufficient level.
2024-08-13 06:03:41.177 DEBUG 27780 --- [HikariPool-1 connection closer] com.zaxxer.hikari.pool.PoolBase          : HikariPool-1 - Closing connection com.mysql.jdbc.JDBC4Connection@4b5c8669: (connection has passed maxLifetime)
2024-08-13 06:03:41.177 DEBUG 27780 --- [HikariPool-1 connection closer] com.zaxxer.hikari.pool.HikariPool        : HikariPool-1 - Fill pool skipped, pool is at sufficient level.
2024-08-13 06:03:41.177 DEBUG 27780 --- [HikariPool-1 connection adder] com.zaxxer.hikari.pool.HikariPool        : HikariPool-1 - Added connection com.mysql.jdbc.JDBC4Connection@5a166842
2024-08-13 06:03:41.177 DEBUG 27780 --- [HikariPool-1 connection adder] com.zaxxer.hikari.pool.HikariPool        : HikariPool-1 - Added connection com.mysql.jdbc.JDBC4Connection@3a22505
2024-08-13 06:03:41.192 DEBUG 27780 --- [HikariPool-1 connection adder] com.zaxxer.hikari.pool.HikariPool        : HikariPool-1 - Added connection com.mysql.jdbc.JDBC4Connection@6b7cf892
2024-08-13 06:03:41.192 DEBUG 27780 --- [HikariPool-1 connection adder] com.zaxxer.hikari.pool.HikariPool        : HikariPool-1 - Added connection com.mysql.jdbc.JDBC4Connection@2cf8a762
2024-08-13 06:03:41.192 DEBUG 27780 --- [HikariPool-1 connection adder] com.zaxxer.hikari.pool.HikariPool        : HikariPool-1 - Added connection com.mysql.jdbc.JDBC4Connection@6959319e
2024-08-13 06:03:41.192 DEBUG 27780 --- [HikariPool-1 connection adder] com.zaxxer.hikari.pool.HikariPool        : HikariPool-1 - Added connection com.mysql.jdbc.JDBC4Connection@1fca885e
2024-08-13 06:03:41.209 DEBUG 27780 --- [HikariPool-1 connection adder] com.zaxxer.hikari.pool.HikariPool        : HikariPool-1 - Added connection com.mysql.jdbc.JDBC4Connection@46c9bf55
2024-08-13 06:04:10.077 DEBUG 27780 --- [HikariPool-1 housekeeper] com.zaxxer.hikari.pool.HikariPool        : HikariPool-1 - Pool stats (total=10, active=0, idle=10, waiting=0)
2024-08-13 06:04:10.085 DEBUG 27780 --- [HikariPool-1 housekeeper] com.zaxxer.hikari.pool.HikariPool        : HikariPool-1 - Fill pool skipped, pool is at sufficient level.
2024-08-13 06:04:40.089 DEBUG 27780 --- [HikariPool-1 housekeeper] com.zaxxer.hikari.pool.HikariPool        : HikariPool-1 - Pool stats (total=10, active=0, idle=10, waiting=0)
2024-08-13 06:04:40.090 DEBUG 27780 --- [HikariPool-1 housekeeper] com.zaxxer.hikari.pool.HikariPool        : HikariPool-1 - Fill pool skipped, pool is at sufficient level.
2024-08-13 06:05:10.100 DEBUG 27780 --- [HikariPool-1 housekeeper] com.zaxxer.hikari.pool.HikariPool        : HikariPool-1 - Pool stats (total=10, active=0, idle=10, waiting=0)
2024-08-13 06:05:10.103 DEBUG 27780 --- [HikariPool-1 housekeeper] com.zaxxer.hikari.pool.HikariPool        : HikariPool-1 - Fill pool skipped, pool is at sufficient level.
2024-08-13 06:05:40.110 DEBUG 27780 --- [HikariPool-1 housekeeper] com.zaxxer.hikari.pool.HikariPool        : HikariPool-1 - Pool stats (total=10, active=0, idle=10, waiting=0)
2024-08-13 06:05:40.110 DEBUG 27780 --- [HikariPool-1 housekeeper] com.zaxxer.hikari.pool.HikariPool        : HikariPool-1 - Fill pool skipped, pool is at sufficient level.
2024-08-13 06:06:10.115 DEBUG 27780 --- [HikariPool-1 housekeeper] com.zaxxer.hikari.pool.HikariPool        : HikariPool-1 - Pool stats (total=10, active=0, idle=10, waiting=0)
2024-08-13 06:06:10.115 DEBUG 27780 --- [HikariPool-1 housekeeper] com.zaxxer.hikari.pool.HikariPool        : HikariPool-1 - Fill pool skipped, pool is at sufficient level.
2024-08-13 06:06:40.124 DEBUG 27780 --- [HikariPool-1 housekeeper] com.zaxxer.hikari.pool.HikariPool        : HikariPool-1 - Pool stats (total=10, active=0, idle=10, waiting=0)
2024-08-13 06:06:40.125 DEBUG 27780 --- [HikariPool-1 housekeeper] com.zaxxer.hikari.pool.HikariPool        : HikariPool-1 - Fill pool skipped, pool is at sufficient level.
2024-08-13 06:07:10.131 DEBUG 27780 --- [HikariPool-1 housekeeper] com.zaxxer.hikari.pool.HikariPool        : HikariPool-1 - Pool stats (total=10, active=0, idle=10, waiting=0)
2024-08-13 06:07:10.131 DEBUG 27780 --- [HikariPool-1 housekeeper] com.zaxxer.hikari.pool.HikariPool        : HikariPool-1 - Fill pool skipped, pool is at sufficient level.
2024-08-13 06:07:40.137 DEBUG 27780 --- [HikariPool-1 housekeeper] com.zaxxer.hikari.pool.HikariPool        : HikariPool-1 - Pool stats (total=10, active=0, idle=10, waiting=0)
2024-08-13 06:07:40.141 DEBUG 27780 --- [HikariPool-1 housekeeper] com.zaxxer.hikari.pool.HikariPool        : HikariPool-1 - Fill pool skipped, pool is at sufficient level.
2024-08-13 06:08:10.144 DEBUG 27780 --- [HikariPool-1 housekeeper] com.zaxxer.hikari.pool.HikariPool        : HikariPool-1 - Pool stats (total=10, active=0, idle=10, waiting=0)
2024-08-13 06:08:10.216 DEBUG 27780 --- [HikariPool-1 housekeeper] com.zaxxer.hikari.pool.HikariPool        : HikariPool-1 - Fill pool skipped, pool is at sufficient level.
2024-08-13 06:08:40.224 DEBUG 27780 --- [HikariPool-1 housekeeper] com.zaxxer.hikari.pool.HikariPool        : HikariPool-1 - Pool stats (total=10, active=0, idle=10, waiting=0)
2024-08-13 06:08:40.224 DEBUG 27780 --- [HikariPool-1 housekeeper] com.zaxxer.hikari.pool.HikariPool        : HikariPool-1 - Fill pool skipped, pool is at sufficient level.
2024-08-13 06:09:10.233 DEBUG 27780 --- [HikariPool-1 housekeeper] com.zaxxer.hikari.pool.HikariPool        : HikariPool-1 - Pool stats (total=10, active=0, idle=10, waiting=0)
2024-08-13 06:09:10.234 DEBUG 27780 --- [HikariPool-1 housekeeper] com.zaxxer.hikari.pool.HikariPool        : HikariPool-1 - Fill pool skipped, pool is at sufficient level.
2024-08-13 06:09:40.244 DEBUG 27780 --- [HikariPool-1 housekeeper] com.zaxxer.hikari.pool.HikariPool        : HikariPool-1 - Pool stats (total=10, active=0, idle=10, waiting=0)
2024-08-13 06:09:40.244 DEBUG 27780 --- [HikariPool-1 housekeeper] com.zaxxer.hikari.pool.HikariPool        : HikariPool-1 - Fill pool skipped, pool is at sufficient level.
2024-08-13 06:10:10.252 DEBUG 27780 --- [HikariPool-1 housekeeper] com.zaxxer.hikari.pool.HikariPool        : HikariPool-1 - Pool stats (total=10, active=0, idle=10, waiting=0)
2024-08-13 06:10:10.253 DEBUG 27780 --- [HikariPool-1 housekeeper] com.zaxxer.hikari.pool.HikariPool        : HikariPool-1 - Fill pool skipped, pool is at sufficient level.
2024-08-13 06:10:40.259 DEBUG 27780 --- [HikariPool-1 housekeeper] com.zaxxer.hikari.pool.HikariPool        : HikariPool-1 - Pool stats (total=10, active=0, idle=10, waiting=0)
2024-08-13 06:10:40.259 DEBUG 27780 --- [HikariPool-1 housekeeper] com.zaxxer.hikari.pool.HikariPool        : HikariPool-1 - Fill pool skipped, pool is at sufficient level.
2024-08-13 06:11:10.265 DEBUG 27780 --- [HikariPool-1 housekeeper] com.zaxxer.hikari.pool.HikariPool        : HikariPool-1 - Pool stats (total=10, active=0, idle=10, waiting=0)
2024-08-13 06:11:10.268 DEBUG 27780 --- [HikariPool-1 housekeeper] com.zaxxer.hikari.pool.HikariPool        : HikariPool-1 - Fill pool skipped, pool is at sufficient level.
2024-08-13 06:11:40.282 DEBUG 27780 --- [HikariPool-1 housekeeper] com.zaxxer.hikari.pool.HikariPool        : HikariPool-1 - Pool stats (total=10, active=0, idle=10, waiting=0)
2024-08-13 06:11:40.283 DEBUG 27780 --- [HikariPool-1 housekeeper] com.zaxxer.hikari.pool.HikariPool        : HikariPool-1 - Fill pool skipped, pool is at sufficient level.
2024-08-13 06:12:10.288 DEBUG 27780 --- [HikariPool-1 housekeeper] com.zaxxer.hikari.pool.HikariPool        : HikariPool-1 - Pool stats (total=10, active=0, idle=10, waiting=0)
2024-08-13 06:12:10.288 DEBUG 27780 --- [HikariPool-1 housekeeper] com.zaxxer.hikari.pool.HikariPool        : HikariPool-1 - Fill pool skipped, pool is at sufficient level.
2024-08-13 06:12:40.290 DEBUG 27780 --- [HikariPool-1 housekeeper] com.zaxxer.hikari.pool.HikariPool        : HikariPool-1 - Pool stats (total=10, active=0, idle=10, waiting=0)
2024-08-13 06:12:40.290 DEBUG 27780 --- [HikariPool-1 housekeeper] com.zaxxer.hikari.pool.HikariPool        : HikariPool-1 - Fill pool skipped, pool is at sufficient level.
2024-08-13 06:13:10.295 DEBUG 27780 --- [HikariPool-1 housekeeper] com.zaxxer.hikari.pool.HikariPool        : HikariPool-1 - Pool stats (total=10, active=0, idle=10, waiting=0)
2024-08-13 06:13:10.295 DEBUG 27780 --- [HikariPool-1 housekeeper] com.zaxxer.hikari.pool.HikariPool        : HikariPool-1 - Fill pool skipped, pool is at sufficient level.
2024-08-13 06:13:40.302 DEBUG 27780 --- [HikariPool-1 housekeeper] com.zaxxer.hikari.pool.HikariPool        : HikariPool-1 - Pool stats (total=10, active=0, idle=10, waiting=0)
2024-08-13 06:13:40.302 DEBUG 27780 --- [HikariPool-1 housekeeper] com.zaxxer.hikari.pool.HikariPool        : HikariPool-1 - Fill pool skipped, pool is at sufficient level.
2024-08-13 06:14:10.308 DEBUG 27780 --- [HikariPool-1 housekeeper] com.zaxxer.hikari.pool.HikariPool        : HikariPool-1 - Pool stats (total=10, active=0, idle=10, waiting=0)
2024-08-13 06:14:10.308 DEBUG 27780 --- [HikariPool-1 housekeeper] com.zaxxer.hikari.pool.HikariPool        : HikariPool-1 - Fill pool skipped, pool is at sufficient level.
2024-08-13 06:14:40.322 DEBUG 27780 --- [HikariPool-1 housekeeper] com.zaxxer.hikari.pool.HikariPool        : HikariPool-1 - Pool stats (total=10, active=0, idle=10, waiting=0)
2024-08-13 06:14:40.322 DEBUG 27780 --- [HikariPool-1 housekeeper] com.zaxxer.hikari.pool.HikariPool        : HikariPool-1 - Fill pool skipped, pool is at sufficient level.
2024-08-13 06:15:10.334 DEBUG 27780 --- [HikariPool-1 housekeeper] com.zaxxer.hikari.pool.HikariPool        : HikariPool-1 - Pool stats (total=10, active=0, idle=10, waiting=0)
2024-08-13 06:15:10.334 DEBUG 27780 --- [HikariPool-1 housekeeper] com.zaxxer.hikari.pool.HikariPool        : HikariPool-1 - Fill pool skipped, pool is at sufficient level.
2024-08-13 06:15:40.342 DEBUG 27780 --- [HikariPool-1 housekeeper] com.zaxxer.hikari.pool.HikariPool        : HikariPool-1 - Pool stats (total=10, active=0, idle=10, waiting=0)
2024-08-13 06:15:40.343 DEBUG 27780 --- [HikariPool-1 housekeeper] com.zaxxer.hikari.pool.HikariPool        : HikariPool-1 - Fill pool skipped, pool is at sufficient level.
2024-08-13 06:16:10.346 DEBUG 27780 --- [HikariPool-1 housekeeper] com.zaxxer.hikari.pool.HikariPool        : HikariPool-1 - Pool stats (total=10, active=0, idle=10, waiting=0)
2024-08-13 06:16:10.348 DEBUG 27780 --- [HikariPool-1 housekeeper] com.zaxxer.hikari.pool.HikariPool        : HikariPool-1 - Fill pool skipped, pool is at sufficient level.
2024-08-13 06:16:40.349 DEBUG 27780 --- [HikariPool-1 housekeeper] com.zaxxer.hikari.pool.HikariPool        : HikariPool-1 - Pool stats (total=10, active=0, idle=10, waiting=0)
2024-08-13 06:16:40.353 DEBUG 27780 --- [HikariPool-1 housekeeper] com.zaxxer.hikari.pool.HikariPool        : HikariPool-1 - Fill pool skipped, pool is at sufficient level.
2024-08-13 06:17:10.359 DEBUG 27780 --- [HikariPool-1 housekeeper] com.zaxxer.hikari.pool.HikariPool        : HikariPool-1 - Pool stats (total=10, active=0, idle=10, waiting=0)
2024-08-13 06:17:10.359 DEBUG 27780 --- [HikariPool-1 housekeeper] com.zaxxer.hikari.pool.HikariPool        : HikariPool-1 - Fill pool skipped, pool is at sufficient level.
2024-08-13 06:17:40.361 DEBUG 27780 --- [HikariPool-1 housekeeper] com.zaxxer.hikari.pool.HikariPool        : HikariPool-1 - Pool stats (total=10, active=0, idle=10, waiting=0)
2024-08-13 06:17:40.362 DEBUG 27780 --- [HikariPool-1 housekeeper] com.zaxxer.hikari.pool.HikariPool        : HikariPool-1 - Fill pool skipped, pool is at sufficient level.
2024-08-13 06:18:10.370 DEBUG 27780 --- [HikariPool-1 housekeeper] com.zaxxer.hikari.pool.HikariPool        : HikariPool-1 - Pool stats (total=10, active=0, idle=10, waiting=0)
2024-08-13 06:18:10.371 DEBUG 27780 --- [HikariPool-1 housekeeper] com.zaxxer.hikari.pool.HikariPool        : HikariPool-1 - Fill pool skipped, pool is at sufficient level.
2024-08-13 06:18:40.387 DEBUG 27780 --- [HikariPool-1 housekeeper] com.zaxxer.hikari.pool.HikariPool        : HikariPool-1 - Pool stats (total=10, active=0, idle=10, waiting=0)
2024-08-13 06:18:40.387 DEBUG 27780 --- [HikariPool-1 housekeeper] com.zaxxer.hikari.pool.HikariPool        : HikariPool-1 - Fill pool skipped, pool is at sufficient level.
2024-08-13 06:19:10.399 DEBUG 27780 --- [HikariPool-1 housekeeper] com.zaxxer.hikari.pool.HikariPool        : HikariPool-1 - Pool stats (total=10, active=0, idle=10, waiting=0)
2024-08-13 06:19:10.401 DEBUG 27780 --- [HikariPool-1 housekeeper] com.zaxxer.hikari.pool.HikariPool        : HikariPool-1 - Fill pool skipped, pool is at sufficient level.
2024-08-13 06:19:40.409 DEBUG 27780 --- [HikariPool-1 housekeeper] com.zaxxer.hikari.pool.HikariPool        : HikariPool-1 - Pool stats (total=10, active=0, idle=10, waiting=0)
2024-08-13 06:19:40.410 DEBUG 27780 --- [HikariPool-1 housekeeper] com.zaxxer.hikari.pool.HikariPool        : HikariPool-1 - Fill pool skipped, pool is at sufficient level.
2024-08-13 06:20:10.421 DEBUG 27780 --- [HikariPool-1 housekeeper] com.zaxxer.hikari.pool.HikariPool        : HikariPool-1 - Pool stats (total=10, active=0, idle=10, waiting=0)
2024-08-13 06:20:10.423 DEBUG 27780 --- [HikariPool-1 housekeeper] com.zaxxer.hikari.pool.HikariPool        : HikariPool-1 - Fill pool skipped, pool is at sufficient level.
2024-08-13 06:20:40.430 DEBUG 27780 --- [HikariPool-1 housekeeper] com.zaxxer.hikari.pool.HikariPool        : HikariPool-1 - Pool stats (total=10, active=0, idle=10, waiting=0)
2024-08-13 06:20:40.431 DEBUG 27780 --- [HikariPool-1 housekeeper] com.zaxxer.hikari.pool.HikariPool        : HikariPool-1 - Fill pool skipped, pool is at sufficient level.
2024-08-13 06:21:10.448 DEBUG 27780 --- [HikariPool-1 housekeeper] com.zaxxer.hikari.pool.HikariPool        : HikariPool-1 - Pool stats (total=10, active=0, idle=10, waiting=0)
2024-08-13 06:21:10.450 DEBUG 27780 --- [HikariPool-1 housekeeper] com.zaxxer.hikari.pool.HikariPool        : HikariPool-1 - Fill pool skipped, pool is at sufficient level.
2024-08-13 06:21:40.457 DEBUG 27780 --- [HikariPool-1 housekeeper] com.zaxxer.hikari.pool.HikariPool        : HikariPool-1 - Pool stats (total=10, active=0, idle=10, waiting=0)
2024-08-13 06:21:40.457 DEBUG 27780 --- [HikariPool-1 housekeeper] com.zaxxer.hikari.pool.HikariPool        : HikariPool-1 - Fill pool skipped, pool is at sufficient level.
2024-08-13 06:22:10.462 DEBUG 27780 --- [HikariPool-1 housekeeper] com.zaxxer.hikari.pool.HikariPool        : HikariPool-1 - Pool stats (total=10, active=0, idle=10, waiting=0)
2024-08-13 06:22:10.463 DEBUG 27780 --- [HikariPool-1 housekeeper] com.zaxxer.hikari.pool.HikariPool        : HikariPool-1 - Fill pool skipped, pool is at sufficient level.
2024-08-13 06:22:40.467 DEBUG 27780 --- [HikariPool-1 housekeeper] com.zaxxer.hikari.pool.HikariPool        : HikariPool-1 - Pool stats (total=10, active=0, idle=10, waiting=0)
2024-08-13 06:22:40.469 DEBUG 27780 --- [HikariPool-1 housekeeper] com.zaxxer.hikari.pool.HikariPool        : HikariPool-1 - Fill pool skipped, pool is at sufficient level.
2024-08-13 06:23:10.490 DEBUG 27780 --- [HikariPool-1 housekeeper] com.zaxxer.hikari.pool.HikariPool        : HikariPool-1 - Pool stats (total=10, active=0, idle=10, waiting=0)
2024-08-13 06:23:10.493 DEBUG 27780 --- [HikariPool-1 housekeeper] com.zaxxer.hikari.pool.HikariPool        : HikariPool-1 - Fill pool skipped, pool is at sufficient level.
2024-08-13 06:23:40.500 DEBUG 27780 --- [HikariPool-1 housekeeper] com.zaxxer.hikari.pool.HikariPool        : HikariPool-1 - Pool stats (total=10, active=0, idle=10, waiting=0)
2024-08-13 06:23:40.500 DEBUG 27780 --- [HikariPool-1 housekeeper] com.zaxxer.hikari.pool.HikariPool        : HikariPool-1 - Fill pool skipped, pool is at sufficient level.
2024-08-13 06:24:10.507 DEBUG 27780 --- [HikariPool-1 housekeeper] com.zaxxer.hikari.pool.HikariPool        : HikariPool-1 - Pool stats (total=10, active=0, idle=10, waiting=0)
2024-08-13 06:24:10.507 DEBUG 27780 --- [HikariPool-1 housekeeper] com.zaxxer.hikari.pool.HikariPool        : HikariPool-1 - Fill pool skipped, pool is at sufficient level.
2024-08-13 06:24:40.509 DEBUG 27780 --- [HikariPool-1 housekeeper] com.zaxxer.hikari.pool.HikariPool        : HikariPool-1 - Pool stats (total=10, active=0, idle=10, waiting=0)
2024-08-13 06:24:40.511 DEBUG 27780 --- [HikariPool-1 housekeeper] com.zaxxer.hikari.pool.HikariPool        : HikariPool-1 - Fill pool skipped, pool is at sufficient level.
2024-08-13 06:25:10.515 DEBUG 27780 --- [HikariPool-1 housekeeper] com.zaxxer.hikari.pool.HikariPool        : HikariPool-1 - Pool stats (total=10, active=0, idle=10, waiting=0)
2024-08-13 06:25:10.515 DEBUG 27780 --- [HikariPool-1 housekeeper] com.zaxxer.hikari.pool.HikariPool        : HikariPool-1 - Fill pool skipped, pool is at sufficient level.
2024-08-13 06:25:40.518 DEBUG 27780 --- [HikariPool-1 housekeeper] com.zaxxer.hikari.pool.HikariPool        : HikariPool-1 - Pool stats (total=10, active=0, idle=10, waiting=0)
2024-08-13 06:25:40.519 DEBUG 27780 --- [HikariPool-1 housekeeper] com.zaxxer.hikari.pool.HikariPool        : HikariPool-1 - Fill pool skipped, pool is at sufficient level.
2024-08-13 06:26:10.520 DEBUG 27780 --- [HikariPool-1 housekeeper] com.zaxxer.hikari.pool.HikariPool        : HikariPool-1 - Pool stats (total=10, active=0, idle=10, waiting=0)
2024-08-13 06:26:10.520 DEBUG 27780 --- [HikariPool-1 housekeeper] com.zaxxer.hikari.pool.HikariPool        : HikariPool-1 - Fill pool skipped, pool is at sufficient level.
2024-08-13 06:26:40.527 DEBUG 27780 --- [HikariPool-1 housekeeper] com.zaxxer.hikari.pool.HikariPool        : HikariPool-1 - Pool stats (total=10, active=0, idle=10, waiting=0)
2024-08-13 06:26:40.527 DEBUG 27780 --- [HikariPool-1 housekeeper] com.zaxxer.hikari.pool.HikariPool        : HikariPool-1 - Fill pool skipped, pool is at sufficient level.
2024-08-13 06:27:10.535 DEBUG 27780 --- [HikariPool-1 housekeeper] com.zaxxer.hikari.pool.HikariPool        : HikariPool-1 - Pool stats (total=10, active=0, idle=10, waiting=0)
2024-08-13 06:27:10.536 DEBUG 27780 --- [HikariPool-1 housekeeper] com.zaxxer.hikari.pool.HikariPool        : HikariPool-1 - Fill pool skipped, pool is at sufficient level.
2024-08-13 06:27:40.548 DEBUG 27780 --- [HikariPool-1 housekeeper] com.zaxxer.hikari.pool.HikariPool        : HikariPool-1 - Pool stats (total=10, active=0, idle=10, waiting=0)
2024-08-13 06:27:40.548 DEBUG 27780 --- [HikariPool-1 housekeeper] com.zaxxer.hikari.pool.HikariPool        : HikariPool-1 - Fill pool skipped, pool is at sufficient level.
2024-08-13 06:28:10.555 DEBUG 27780 --- [HikariPool-1 housekeeper] com.zaxxer.hikari.pool.HikariPool        : HikariPool-1 - Pool stats (total=10, active=0, idle=10, waiting=0)
2024-08-13 06:28:10.556 DEBUG 27780 --- [HikariPool-1 housekeeper] com.zaxxer.hikari.pool.HikariPool        : HikariPool-1 - Fill pool skipped, pool is at sufficient level.
2024-08-13 06:28:40.566 DEBUG 27780 --- [HikariPool-1 housekeeper] com.zaxxer.hikari.pool.HikariPool        : HikariPool-1 - Pool stats (total=10, active=0, idle=10, waiting=0)
2024-08-13 06:28:40.569 DEBUG 27780 --- [HikariPool-1 housekeeper] com.zaxxer.hikari.pool.HikariPool        : HikariPool-1 - Fill pool skipped, pool is at sufficient level.
2024-08-13 06:29:10.586 DEBUG 27780 --- [HikariPool-1 housekeeper] com.zaxxer.hikari.pool.HikariPool        : HikariPool-1 - Pool stats (total=10, active=0, idle=10, waiting=0)
2024-08-13 06:29:10.586 DEBUG 27780 --- [HikariPool-1 housekeeper] com.zaxxer.hikari.pool.HikariPool        : HikariPool-1 - Fill pool skipped, pool is at sufficient level.
2024-08-13 06:29:40.603 DEBUG 27780 --- [HikariPool-1 housekeeper] com.zaxxer.hikari.pool.HikariPool        : HikariPool-1 - Pool stats (total=10, active=0, idle=10, waiting=0)
2024-08-13 06:29:40.603 DEBUG 27780 --- [HikariPool-1 housekeeper] com.zaxxer.hikari.pool.HikariPool        : HikariPool-1 - Fill pool skipped, pool is at sufficient level.
2024-08-13 06:30:10.611 DEBUG 27780 --- [HikariPool-1 housekeeper] com.zaxxer.hikari.pool.HikariPool        : HikariPool-1 - Pool stats (total=10, active=0, idle=10, waiting=0)
2024-08-13 06:30:10.613 DEBUG 27780 --- [HikariPool-1 housekeeper] com.zaxxer.hikari.pool.HikariPool        : HikariPool-1 - Fill pool skipped, pool is at sufficient level.
2024-08-13 06:30:40.626 DEBUG 27780 --- [HikariPool-1 housekeeper] com.zaxxer.hikari.pool.HikariPool        : HikariPool-1 - Pool stats (total=10, active=0, idle=10, waiting=0)
2024-08-13 06:30:40.626 DEBUG 27780 --- [HikariPool-1 housekeeper] com.zaxxer.hikari.pool.HikariPool        : HikariPool-1 - Fill pool skipped, pool is at sufficient level.
2024-08-13 06:31:10.629 DEBUG 27780 --- [HikariPool-1 housekeeper] com.zaxxer.hikari.pool.HikariPool        : HikariPool-1 - Pool stats (total=10, active=0, idle=10, waiting=0)
2024-08-13 06:31:10.631 DEBUG 27780 --- [HikariPool-1 housekeeper] com.zaxxer.hikari.pool.HikariPool        : HikariPool-1 - Fill pool skipped, pool is at sufficient level.
2024-08-13 06:31:40.639 DEBUG 27780 --- [HikariPool-1 housekeeper] com.zaxxer.hikari.pool.HikariPool        : HikariPool-1 - Pool stats (total=10, active=0, idle=10, waiting=0)
2024-08-13 06:31:40.640 DEBUG 27780 --- [HikariPool-1 housekeeper] com.zaxxer.hikari.pool.HikariPool        : HikariPool-1 - Fill pool skipped, pool is at sufficient level.
2024-08-13 06:32:10.645 DEBUG 27780 --- [HikariPool-1 housekeeper] com.zaxxer.hikari.pool.HikariPool        : HikariPool-1 - Pool stats (total=10, active=0, idle=10, waiting=0)
2024-08-13 06:32:10.645 DEBUG 27780 --- [HikariPool-1 housekeeper] com.zaxxer.hikari.pool.HikariPool        : HikariPool-1 - Fill pool skipped, pool is at sufficient level.
2024-08-13 06:32:40.657 DEBUG 27780 --- [HikariPool-1 housekeeper] com.zaxxer.hikari.pool.HikariPool        : HikariPool-1 - Pool stats (total=10, active=0, idle=10, waiting=0)
2024-08-13 06:32:40.659 DEBUG 27780 --- [HikariPool-1 housekeeper] com.zaxxer.hikari.pool.HikariPool        : HikariPool-1 - Fill pool skipped, pool is at sufficient level.
2024-08-13 08:33:43.686 DEBUG 27780 --- [HikariPool-1 housekeeper] com.zaxxer.hikari.pool.HikariPool        : HikariPool-1 - Add connection elided, waiting 0, queue 1
2024-08-13 08:33:43.686 DEBUG 27780 --- [HikariPool-1 housekeeper] com.zaxxer.hikari.pool.HikariPool        : HikariPool-1 - Add connection elided, waiting 0, queue 1
2024-08-13 08:33:43.692  WARN 27780 --- [HikariPool-1 housekeeper] com.zaxxer.hikari.pool.HikariPool        : HikariPool-1 - Thread starvation or clock leap detected (housekeeper delta=2h1m3s29ms702µs500ns).
2024-08-13 08:33:43.692 DEBUG 27780 --- [HikariPool-1 housekeeper] com.zaxxer.hikari.pool.HikariPool        : HikariPool-1 - Pool stats (total=6, active=0, idle=6, waiting=0)
2024-08-13 08:33:43.692 DEBUG 27780 --- [HikariPool-1 housekeeper] com.zaxxer.hikari.pool.HikariPool        : HikariPool-1 - Add connection elided, waiting 0, queue 4
2024-08-13 08:33:43.692 DEBUG 27780 --- [HikariPool-1 housekeeper] com.zaxxer.hikari.pool.HikariPool        : HikariPool-1 - Add connection elided, waiting 0, queue 4
2024-08-13 08:33:43.692 DEBUG 27780 --- [HikariPool-1 housekeeper] com.zaxxer.hikari.pool.HikariPool        : HikariPool-1 - Add connection elided, waiting 0, queue 4
2024-08-13 08:33:43.692 DEBUG 27780 --- [HikariPool-1 housekeeper] com.zaxxer.hikari.pool.HikariPool        : HikariPool-1 - Add connection elided, waiting 0, queue 4
2024-08-13 08:33:43.693 DEBUG 27780 --- [HikariPool-1 housekeeper] com.zaxxer.hikari.pool.HikariPool        : HikariPool-1 - Add connection elided, waiting 0, queue 4
2024-08-13 08:33:43.693 DEBUG 27780 --- [HikariPool-1 housekeeper] com.zaxxer.hikari.pool.HikariPool        : HikariPool-1 - Add connection elided, waiting 0, queue 4
2024-08-13 08:33:43.698 DEBUG 27780 --- [HikariPool-1 connection closer] com.zaxxer.hikari.pool.PoolBase          : HikariPool-1 - Closing connection com.mysql.jdbc.JDBC4Connection@42b38f28: (connection has passed maxLifetime)
2024-08-13 08:33:43.743 DEBUG 27780 --- [HikariPool-1 connection closer] com.zaxxer.hikari.pool.PoolBase          : HikariPool-1 - Closing connection com.mysql.jdbc.JDBC4Connection@1fca885e: (connection has passed maxLifetime)
2024-08-13 08:33:43.749 DEBUG 27780 --- [HikariPool-1 connection closer] com.zaxxer.hikari.pool.HikariPool        : HikariPool-1 - Fill pool skipped, pool is at sufficient level.
2024-08-13 08:33:43.749 DEBUG 27780 --- [HikariPool-1 connection closer] com.zaxxer.hikari.pool.PoolBase          : HikariPool-1 - Closing connection com.mysql.jdbc.JDBC4Connection@26d22e42: (connection has passed maxLifetime)
2024-08-13 08:33:43.752 DEBUG 27780 --- [HikariPool-1 connection closer] com.zaxxer.hikari.pool.HikariPool        : HikariPool-1 - Fill pool skipped, pool is at sufficient level.
2024-08-13 08:33:43.752 DEBUG 27780 --- [HikariPool-1 connection closer] com.zaxxer.hikari.pool.PoolBase          : HikariPool-1 - Closing connection com.mysql.jdbc.JDBC4Connection@3a22505: (connection has passed maxLifetime)
2024-08-13 08:33:43.754 DEBUG 27780 --- [HikariPool-1 connection closer] com.zaxxer.hikari.pool.HikariPool        : HikariPool-1 - Fill pool skipped, pool is at sufficient level.
2024-08-13 08:33:43.755 DEBUG 27780 --- [HikariPool-1 connection closer] com.zaxxer.hikari.pool.PoolBase          : HikariPool-1 - Closing connection com.mysql.jdbc.JDBC4Connection@6b7cf892: (connection has passed maxLifetime)
2024-08-13 08:33:43.758 DEBUG 27780 --- [HikariPool-1 connection closer] com.zaxxer.hikari.pool.HikariPool        : HikariPool-1 - Fill pool skipped, pool is at sufficient level.
2024-08-13 08:33:43.758 DEBUG 27780 --- [HikariPool-1 connection closer] com.zaxxer.hikari.pool.PoolBase          : HikariPool-1 - Closing connection com.mysql.jdbc.JDBC4Connection@46c9bf55: (connection has passed maxLifetime)
2024-08-13 08:33:43.763 DEBUG 27780 --- [HikariPool-1 connection closer] com.zaxxer.hikari.pool.HikariPool        : HikariPool-1 - Fill pool skipped, pool is at sufficient level.
2024-08-13 08:33:43.765 DEBUG 27780 --- [HikariPool-1 connection closer] com.zaxxer.hikari.pool.PoolBase          : HikariPool-1 - Closing connection com.mysql.jdbc.JDBC4Connection@5a166842: (connection has passed maxLifetime)
2024-08-13 08:33:43.767 DEBUG 27780 --- [HikariPool-1 connection closer] com.zaxxer.hikari.pool.HikariPool        : HikariPool-1 - Fill pool skipped, pool is at sufficient level.
2024-08-13 08:33:43.767 DEBUG 27780 --- [HikariPool-1 connection closer] com.zaxxer.hikari.pool.PoolBase          : HikariPool-1 - Closing connection com.mysql.jdbc.JDBC4Connection@2cf8a762: (connection has passed maxLifetime)
2024-08-13 08:33:43.771 DEBUG 27780 --- [HikariPool-1 connection closer] com.zaxxer.hikari.pool.HikariPool        : HikariPool-1 - Fill pool skipped, pool is at sufficient level.
2024-08-13 08:33:43.773 DEBUG 27780 --- [HikariPool-1 connection closer] com.zaxxer.hikari.pool.PoolBase          : HikariPool-1 - Closing connection com.mysql.jdbc.JDBC4Connection@229c7067: (connection has passed maxLifetime)
2024-08-13 08:33:43.776 DEBUG 27780 --- [HikariPool-1 connection closer] com.zaxxer.hikari.pool.HikariPool        : HikariPool-1 - Fill pool skipped, pool is at sufficient level.
2024-08-13 08:33:43.776 DEBUG 27780 --- [HikariPool-1 connection closer] com.zaxxer.hikari.pool.PoolBase          : HikariPool-1 - Closing connection com.mysql.jdbc.JDBC4Connection@6959319e: (connection has passed maxLifetime)
2024-08-13 08:33:43.778 DEBUG 27780 --- [HikariPool-1 connection closer] com.zaxxer.hikari.pool.HikariPool        : HikariPool-1 - Fill pool skipped, pool is at sufficient level.
2024-08-13 08:33:43.858 DEBUG 27780 --- [HikariPool-1 connection adder] com.zaxxer.hikari.pool.HikariPool        : HikariPool-1 - Added connection com.mysql.jdbc.JDBC4Connection@71101891
2024-08-13 08:33:43.864 DEBUG 27780 --- [HikariPool-1 connection adder] com.zaxxer.hikari.pool.HikariPool        : HikariPool-1 - Added connection com.mysql.jdbc.JDBC4Connection@113fe7de
2024-08-13 08:33:43.870 DEBUG 27780 --- [HikariPool-1 connection adder] com.zaxxer.hikari.pool.HikariPool        : HikariPool-1 - Added connection com.mysql.jdbc.JDBC4Connection@15711a48
2024-08-13 08:33:43.878 DEBUG 27780 --- [HikariPool-1 connection adder] com.zaxxer.hikari.pool.HikariPool        : HikariPool-1 - Added connection com.mysql.jdbc.JDBC4Connection@20fadd99
2024-08-13 08:33:43.884 DEBUG 27780 --- [HikariPool-1 connection adder] com.zaxxer.hikari.pool.HikariPool        : HikariPool-1 - Added connection com.mysql.jdbc.JDBC4Connection@542f8990
2024-08-13 08:33:43.884 DEBUG 27780 --- [HikariPool-1 connection adder] com.zaxxer.hikari.pool.HikariPool        : HikariPool-1 - After adding stats (total=5, active=0, idle=5, waiting=0)
2024-08-13 08:33:43.889 DEBUG 27780 --- [HikariPool-1 connection adder] com.zaxxer.hikari.pool.HikariPool        : HikariPool-1 - Added connection com.mysql.jdbc.JDBC4Connection@6d4b7eb5
2024-08-13 08:33:43.896 DEBUG 27780 --- [HikariPool-1 connection adder] com.zaxxer.hikari.pool.HikariPool        : HikariPool-1 - Added connection com.mysql.jdbc.JDBC4Connection@2cf182c3
2024-08-13 08:33:43.900 DEBUG 27780 --- [HikariPool-1 connection adder] com.zaxxer.hikari.pool.HikariPool        : HikariPool-1 - Added connection com.mysql.jdbc.JDBC4Connection@5c9021de
2024-08-13 08:33:43.921 DEBUG 27780 --- [HikariPool-1 connection adder] com.zaxxer.hikari.pool.HikariPool        : HikariPool-1 - Added connection com.mysql.jdbc.JDBC4Connection@61d72bac
2024-08-13 08:33:43.930 DEBUG 27780 --- [HikariPool-1 connection adder] com.zaxxer.hikari.pool.HikariPool        : HikariPool-1 - Added connection com.mysql.jdbc.JDBC4Connection@2fc6f12c
2024-08-13 08:34:13.695 DEBUG 27780 --- [HikariPool-1 housekeeper] com.zaxxer.hikari.pool.HikariPool        : HikariPool-1 - Pool stats (total=10, active=0, idle=10, waiting=0)
2024-08-13 08:34:13.696 DEBUG 27780 --- [HikariPool-1 housekeeper] com.zaxxer.hikari.pool.HikariPool        : HikariPool-1 - Fill pool skipped, pool is at sufficient level.
2024-08-13 08:36:57.065  WARN 27780 --- [HikariPool-1 housekeeper] com.zaxxer.hikari.pool.HikariPool        : HikariPool-1 - Thread starvation or clock leap detected (housekeeper delta=2m43s369ms278µs900ns).
2024-08-13 08:36:57.065 DEBUG 27780 --- [HikariPool-1 housekeeper] com.zaxxer.hikari.pool.HikariPool        : HikariPool-1 - Pool stats (total=10, active=0, idle=10, waiting=0)
2024-08-13 08:36:57.065 DEBUG 27780 --- [HikariPool-1 housekeeper] com.zaxxer.hikari.pool.HikariPool        : HikariPool-1 - Fill pool skipped, pool is at sufficient level.
2024-08-13 08:37:27.078 DEBUG 27780 --- [HikariPool-1 housekeeper] com.zaxxer.hikari.pool.HikariPool        : HikariPool-1 - Pool stats (total=10, active=0, idle=10, waiting=0)
2024-08-13 08:37:27.078 DEBUG 27780 --- [HikariPool-1 housekeeper] com.zaxxer.hikari.pool.HikariPool        : HikariPool-1 - Fill pool skipped, pool is at sufficient level.
2024-08-13 08:37:57.091 DEBUG 27780 --- [HikariPool-1 housekeeper] com.zaxxer.hikari.pool.HikariPool        : HikariPool-1 - Pool stats (total=10, active=0, idle=10, waiting=0)
2024-08-13 08:37:57.091 DEBUG 27780 --- [HikariPool-1 housekeeper] com.zaxxer.hikari.pool.HikariPool        : HikariPool-1 - Fill pool skipped, pool is at sufficient level.
2024-08-13 08:38:27.094 DEBUG 27780 --- [HikariPool-1 housekeeper] com.zaxxer.hikari.pool.HikariPool        : HikariPool-1 - Pool stats (total=10, active=0, idle=10, waiting=0)
2024-08-13 08:38:27.094 DEBUG 27780 --- [HikariPool-1 housekeeper] com.zaxxer.hikari.pool.HikariPool        : HikariPool-1 - Fill pool skipped, pool is at sufficient level.
2024-08-13 08:38:57.107 DEBUG 27780 --- [HikariPool-1 housekeeper] com.zaxxer.hikari.pool.HikariPool        : HikariPool-1 - Pool stats (total=10, active=0, idle=10, waiting=0)
2024-08-13 08:38:57.107 DEBUG 27780 --- [HikariPool-1 housekeeper] com.zaxxer.hikari.pool.HikariPool        : HikariPool-1 - Fill pool skipped, pool is at sufficient level.
2024-08-13 08:39:27.114 DEBUG 27780 --- [HikariPool-1 housekeeper] com.zaxxer.hikari.pool.HikariPool        : HikariPool-1 - Pool stats (total=10, active=0, idle=10, waiting=0)
2024-08-13 08:39:27.114 DEBUG 27780 --- [HikariPool-1 housekeeper] com.zaxxer.hikari.pool.HikariPool        : HikariPool-1 - Fill pool skipped, pool is at sufficient level.
2024-08-13 11:14:50.571  WARN 27780 --- [HikariPool-1 housekeeper] com.zaxxer.hikari.pool.HikariPool        : HikariPool-1 - Thread starvation or clock leap detected (housekeeper delta=2h35m23s457ms174µs100ns).
2024-08-13 11:14:50.571 DEBUG 27780 --- [HikariPool-1 housekeeper] com.zaxxer.hikari.pool.HikariPool        : HikariPool-1 - Pool stats (total=10, active=0, idle=10, waiting=0)
2024-08-13 11:14:50.572 DEBUG 27780 --- [HikariPool-1 housekeeper] com.zaxxer.hikari.pool.HikariPool        : HikariPool-1 - Fill pool skipped, pool is at sufficient level.
2024-08-13 11:14:50.574 DEBUG 27780 --- [HikariPool-1 housekeeper] com.zaxxer.hikari.pool.HikariPool        : HikariPool-1 - Add connection elided, waiting 0, queue 1
2024-08-13 11:14:50.574 DEBUG 27780 --- [HikariPool-1 housekeeper] com.zaxxer.hikari.pool.HikariPool        : HikariPool-1 - Add connection elided, waiting 0, queue 1
2024-08-13 11:14:50.574 DEBUG 27780 --- [HikariPool-1 housekeeper] com.zaxxer.hikari.pool.HikariPool        : HikariPool-1 - Add connection elided, waiting 0, queue 1
2024-08-13 11:14:50.574 DEBUG 27780 --- [HikariPool-1 housekeeper] com.zaxxer.hikari.pool.HikariPool        : HikariPool-1 - Add connection elided, waiting 0, queue 1
2024-08-13 11:14:50.574 DEBUG 27780 --- [HikariPool-1 housekeeper] com.zaxxer.hikari.pool.HikariPool        : HikariPool-1 - Add connection elided, waiting 0, queue 1
2024-08-13 11:14:50.574 DEBUG 27780 --- [HikariPool-1 housekeeper] com.zaxxer.hikari.pool.HikariPool        : HikariPool-1 - Add connection elided, waiting 0, queue 1
2024-08-13 11:14:50.574 DEBUG 27780 --- [HikariPool-1 housekeeper] com.zaxxer.hikari.pool.HikariPool        : HikariPool-1 - Add connection elided, waiting 0, queue 1
2024-08-13 11:14:50.574 DEBUG 27780 --- [HikariPool-1 housekeeper] com.zaxxer.hikari.pool.HikariPool        : HikariPool-1 - Add connection elided, waiting 0, queue 1
2024-08-13 11:14:50.579 DEBUG 27780 --- [HikariPool-1 connection closer] com.zaxxer.hikari.pool.PoolBase          : HikariPool-1 - Closing connection com.mysql.jdbc.JDBC4Connection@6d4b7eb5: (connection has passed maxLifetime)
2024-08-13 11:14:50.579 DEBUG 27780 --- [HikariPool-1 connection closer] com.zaxxer.hikari.pool.PoolBase          : HikariPool-1 - Closing connection com.mysql.jdbc.JDBC4Connection@2fc6f12c: (connection has passed maxLifetime)
2024-08-13 11:14:50.579 DEBUG 27780 --- [HikariPool-1 connection closer] com.zaxxer.hikari.pool.HikariPool        : HikariPool-1 - Fill pool skipped, pool is at sufficient level.
2024-08-13 11:14:50.579 DEBUG 27780 --- [HikariPool-1 connection closer] com.zaxxer.hikari.pool.PoolBase          : HikariPool-1 - Closing connection com.mysql.jdbc.JDBC4Connection@2cf182c3: (connection has passed maxLifetime)
2024-08-13 11:14:50.579 DEBUG 27780 --- [HikariPool-1 connection closer] com.zaxxer.hikari.pool.HikariPool        : HikariPool-1 - Fill pool skipped, pool is at sufficient level.
2024-08-13 11:14:50.579 DEBUG 27780 --- [HikariPool-1 connection closer] com.zaxxer.hikari.pool.PoolBase          : HikariPool-1 - Closing connection com.mysql.jdbc.JDBC4Connection@61d72bac: (connection has passed maxLifetime)
2024-08-13 11:14:50.587 DEBUG 27780 --- [HikariPool-1 connection closer] com.zaxxer.hikari.pool.HikariPool        : HikariPool-1 - Fill pool skipped, pool is at sufficient level.
2024-08-13 11:14:50.587 DEBUG 27780 --- [HikariPool-1 connection closer] com.zaxxer.hikari.pool.PoolBase          : HikariPool-1 - Closing connection com.mysql.jdbc.JDBC4Connection@5c9021de: (connection has passed maxLifetime)
2024-08-13 11:14:50.590 DEBUG 27780 --- [HikariPool-1 connection closer] com.zaxxer.hikari.pool.HikariPool        : HikariPool-1 - Fill pool skipped, pool is at sufficient level.
2024-08-13 11:14:50.590 DEBUG 27780 --- [HikariPool-1 connection closer] com.zaxxer.hikari.pool.PoolBase          : HikariPool-1 - Closing connection com.mysql.jdbc.JDBC4Connection@20fadd99: (connection has passed maxLifetime)
2024-08-13 11:14:50.590 DEBUG 27780 --- [HikariPool-1 connection closer] com.zaxxer.hikari.pool.HikariPool        : HikariPool-1 - Fill pool skipped, pool is at sufficient level.
2024-08-13 11:14:50.590 DEBUG 27780 --- [HikariPool-1 connection closer] com.zaxxer.hikari.pool.PoolBase          : HikariPool-1 - Closing connection com.mysql.jdbc.JDBC4Connection@542f8990: (connection has passed maxLifetime)
2024-08-13 11:14:50.591 DEBUG 27780 --- [HikariPool-1 connection closer] com.zaxxer.hikari.pool.HikariPool        : HikariPool-1 - Fill pool skipped, pool is at sufficient level.
2024-08-13 11:14:50.591 DEBUG 27780 --- [HikariPool-1 connection closer] com.zaxxer.hikari.pool.PoolBase          : HikariPool-1 - Closing connection com.mysql.jdbc.JDBC4Connection@113fe7de: (connection has passed maxLifetime)
2024-08-13 11:14:50.591 DEBUG 27780 --- [HikariPool-1 connection closer] com.zaxxer.hikari.pool.HikariPool        : HikariPool-1 - Fill pool skipped, pool is at sufficient level.
2024-08-13 11:14:50.592 DEBUG 27780 --- [HikariPool-1 connection closer] com.zaxxer.hikari.pool.PoolBase          : HikariPool-1 - Closing connection com.mysql.jdbc.JDBC4Connection@15711a48: (connection has passed maxLifetime)
2024-08-13 11:14:50.594 DEBUG 27780 --- [HikariPool-1 connection closer] com.zaxxer.hikari.pool.HikariPool        : HikariPool-1 - Fill pool skipped, pool is at sufficient level.
2024-08-13 11:14:50.595 DEBUG 27780 --- [HikariPool-1 connection closer] com.zaxxer.hikari.pool.PoolBase          : HikariPool-1 - Closing connection com.mysql.jdbc.JDBC4Connection@71101891: (connection has passed maxLifetime)
2024-08-13 11:14:50.596 DEBUG 27780 --- [HikariPool-1 connection closer] com.zaxxer.hikari.pool.HikariPool        : HikariPool-1 - Fill pool skipped, pool is at sufficient level.
2024-08-13 11:14:50.601 DEBUG 27780 --- [HikariPool-1 connection adder] com.zaxxer.hikari.pool.HikariPool        : HikariPool-1 - Added connection com.mysql.jdbc.JDBC4Connection@2d92d520
2024-08-13 11:14:50.607 DEBUG 27780 --- [HikariPool-1 connection adder] com.zaxxer.hikari.pool.HikariPool        : HikariPool-1 - Added connection com.mysql.jdbc.JDBC4Connection@4dbd2a6f
2024-08-13 11:14:50.609 DEBUG 27780 --- [HikariPool-1 connection adder] com.zaxxer.hikari.pool.HikariPool        : HikariPool-1 - Added connection com.mysql.jdbc.JDBC4Connection@49f31363
2024-08-13 11:14:50.621 DEBUG 27780 --- [HikariPool-1 connection adder] com.zaxxer.hikari.pool.HikariPool        : HikariPool-1 - Added connection com.mysql.jdbc.JDBC4Connection@78b05fc6
2024-08-13 11:14:50.621 DEBUG 27780 --- [HikariPool-1 connection adder] com.zaxxer.hikari.pool.HikariPool        : HikariPool-1 - Added connection com.mysql.jdbc.JDBC4Connection@6a36d518
2024-08-13 11:14:50.637 DEBUG 27780 --- [HikariPool-1 connection adder] com.zaxxer.hikari.pool.HikariPool        : HikariPool-1 - Added connection com.mysql.jdbc.JDBC4Connection@416f98f
2024-08-13 11:14:50.644 DEBUG 27780 --- [HikariPool-1 connection adder] com.zaxxer.hikari.pool.HikariPool        : HikariPool-1 - Added connection com.mysql.jdbc.JDBC4Connection@7c95da31
2024-08-13 11:14:50.650 DEBUG 27780 --- [HikariPool-1 connection adder] com.zaxxer.hikari.pool.HikariPool        : HikariPool-1 - Added connection com.mysql.jdbc.JDBC4Connection@45896a86
2024-08-13 11:14:50.655 DEBUG 27780 --- [HikariPool-1 connection adder] com.zaxxer.hikari.pool.HikariPool        : HikariPool-1 - Added connection com.mysql.jdbc.JDBC4Connection@4f8d351
2024-08-13 11:14:50.655 DEBUG 27780 --- [HikariPool-1 connection adder] com.zaxxer.hikari.pool.HikariPool        : HikariPool-1 - Added connection com.mysql.jdbc.JDBC4Connection@2bb948db
2024-08-13 11:15:20.582 DEBUG 27780 --- [HikariPool-1 housekeeper] com.zaxxer.hikari.pool.HikariPool        : HikariPool-1 - Pool stats (total=10, active=0, idle=10, waiting=0)
2024-08-13 11:15:20.587 DEBUG 27780 --- [HikariPool-1 housekeeper] com.zaxxer.hikari.pool.HikariPool        : HikariPool-1 - Fill pool skipped, pool is at sufficient level.
2024-08-13 11:15:50.594 DEBUG 27780 --- [HikariPool-1 housekeeper] com.zaxxer.hikari.pool.HikariPool        : HikariPool-1 - Pool stats (total=10, active=0, idle=10, waiting=0)
2024-08-13 11:15:50.594 DEBUG 27780 --- [HikariPool-1 housekeeper] com.zaxxer.hikari.pool.HikariPool        : HikariPool-1 - Fill pool skipped, pool is at sufficient level.
2024-08-13 11:16:20.610 DEBUG 27780 --- [HikariPool-1 housekeeper] com.zaxxer.hikari.pool.HikariPool        : HikariPool-1 - Pool stats (total=10, active=0, idle=10, waiting=0)
2024-08-13 11:16:20.610 DEBUG 27780 --- [HikariPool-1 housekeeper] com.zaxxer.hikari.pool.HikariPool        : HikariPool-1 - Fill pool skipped, pool is at sufficient level.
2024-08-13 11:16:50.619 DEBUG 27780 --- [HikariPool-1 housekeeper] com.zaxxer.hikari.pool.HikariPool        : HikariPool-1 - Pool stats (total=10, active=0, idle=10, waiting=0)
2024-08-13 11:16:50.619 DEBUG 27780 --- [HikariPool-1 housekeeper] com.zaxxer.hikari.pool.HikariPool        : HikariPool-1 - Fill pool skipped, pool is at sufficient level.
